<?xml version="1.0" encoding="UTF-8"?>
<!-- Generated by org.testng.reporters.JUnitXMLReporter -->
<testsuite ignored="0" hostname="DESKTOP-03TGADV" failures="0" tests="5" name="Default test" time="36.838" errors="0" timestamp="2025-05-24T00:55:08 NZST">
  <testcase classname="testcases.E2EBookingTests" name="testCreateBooking" time="2.215"/>
  <testcase classname="testcases.E2EBookingTests" name="testGetBookingById" time="1.831"/>
  <testcase classname="testcases.E2EBookingTests" name="testGetAllBookingIds" time="2.128"/>
  <testcase classname="testcases.E2EBookingTests" name="testUpdateBooking" time="2.671"/>
  <testcase classname="testcases.E2EBookingTests" name="testDeleteBooking" time="2.322"/>
</testsuite> <!-- Default test -->
